<?xml version="1.0" encoding="UTF-8"?>
<testng-results ignored="0" total="1" passed="1" failed="0" skipped="0">
  <reporter-output>
  </reporter-output>
  <suite started-at="2023-08-23T08:38:53 IST" name="Default suite" finished-at="2023-08-23T08:38:53 IST" duration-ms="130">
    <groups>
    </groups>
    <test started-at="2023-08-23T08:38:53 IST" name="Default test" finished-at="2023-08-23T08:38:53 IST" duration-ms="130">
      <class name="practise.DemoTest">
        <test-method signature="m1()[pri:0, instance:practise.DemoTest@49139829]" started-at="2023-08-23T08:38:53 IST" name="m1" finished-at="2023-08-23T08:38:53 IST" duration-ms="34" status="PASS">
          <reporter-output>
          </reporter-output>
        </test-method> <!-- m1 -->
      </class> <!-- practise.DemoTest -->
    </test> <!-- Default test -->
  </suite> <!-- Default suite -->
</testng-results>
